[handleMsg]:  Message {
  _data: {
    id: {
      fromMe: false,
      remote: '18094780160@c.us',
      id: '3EB07F17098677B0048016',
      _serialized: 'false_18094780160@c.us_3EB07F17098677B0048016'
    },
    body: 'hola',
    type: 'chat',
    t: 1680487850,
    notifyName: 'Claridel',
    from: '18094780160@c.us',
    to: '18492128091@c.us',
    self: 'in',
    ack: 1,
    isNewMsg: true,
    star: false,
    kicNotified: false,
    recvFresh: true,
    isFromTemplate: false,
    pollInvalidated: false,
    isSentCagPollCreation: false,
    latestEditMsgKey: null,
    latestEditSenderTimestampMs: null,
    broadcast: false,
    mentionedJidList: [],
    groupMentions: [],
    isVcardOverMmsDocument: false,
    isForwarded: false,
    hasReaction: false,
    productHeaderImageRejected: false,
    lastPlaybackProgress: 0,
    isDynamicReplyButtonsMsg: false,
    isMdHistoryMsg: false,
    stickerSentTs: 0,
    isAvatar: false,
    requiresDirectConnection: false,
    links: []
  },
  mediaKey: undefined,
  id: {
    fromMe: false,
    remote: '18094780160@c.us',
    id: '3EB07F17098677B0048016',
    _serialized: 'false_18094780160@c.us_3EB07F17098677B0048016'
  },
  ack: 1,
  hasMedia: false,
  body: 'hola',
  type: 'chat',
  timestamp: 1680487850,
  from: '18094780160',
  to: '18492128091@c.us',
  author: undefined,
  deviceType: 'android',
  isForwarded: false,
  forwardingScore: 0,
  isStatus: undefined,
  isStarred: false,
  broadcast: false,
  fromMe: false,
  hasQuotedMsg: false,
  duration: undefined,
  location: undefined,
  vCards: [],
  inviteV4: undefined,
  mentionedIds: [],
  orderId: undefined,
  token: undefined,
  isGif: false,
  isEphemeral: undefined,
  links: []
}
[handleMsg]:  Message {
  _data: {
    id: {
      fromMe: false,
      remote: '18094780160@c.us',
      id: '3EB0A69AAA7D7D2C4E9594',
      _serialized: 'false_18094780160@c.us_3EB0A69AAA7D7D2C4E9594'
    },
    body: '0',
    type: 'chat',
    t: 1680487852,
    notifyName: 'Claridel',
    from: '18094780160@c.us',
    to: '18492128091@c.us',
    self: 'in',
    ack: 1,
    isNewMsg: true,
    star: false,
    kicNotified: false,
    recvFresh: true,
    isFromTemplate: false,
    pollInvalidated: false,
    isSentCagPollCreation: false,
    latestEditMsgKey: null,
    latestEditSenderTimestampMs: null,
    broadcast: false,
    mentionedJidList: [],
    groupMentions: [],
    isVcardOverMmsDocument: false,
    isForwarded: false,
    hasReaction: false,
    productHeaderImageRejected: false,
    lastPlaybackProgress: 0,
    isDynamicReplyButtonsMsg: false,
    isMdHistoryMsg: false,
    stickerSentTs: 0,
    isAvatar: false,
    requiresDirectConnection: false,
    links: []
  },
  mediaKey: undefined,
  id: {
    fromMe: false,
    remote: '18094780160@c.us',
    id: '3EB0A69AAA7D7D2C4E9594',
    _serialized: 'false_18094780160@c.us_3EB0A69AAA7D7D2C4E9594'
  },
  ack: 1,
  hasMedia: false,
  body: '0',
  type: 'chat',
  timestamp: 1680487852,
  from: '18094780160',
  to: '18492128091@c.us',
  author: undefined,
  deviceType: 'android',
  isForwarded: false,
  forwardingScore: 0,
  isStatus: undefined,
  isStarred: false,
  broadcast: false,
  fromMe: false,
  hasQuotedMsg: false,
  duration: undefined,
  location: undefined,
  vCards: [],
  inviteV4: undefined,
  mentionedIds: [],
  orderId: undefined,
  token: undefined,
  isGif: false,
  isEphemeral: undefined,
  links: []
}
[handleMsg]:  Message {
  _data: {
    id: {
      fromMe: false,
      remote: '18094780160@c.us',
      id: '3EB08E4DD46FBCD1EC97AD',
      _serialized: 'false_18094780160@c.us_3EB08E4DD46FBCD1EC97AD'
    },
    body: 'b',
    type: 'chat',
    t: 1680487855,
    notifyName: 'Claridel',
    from: '18094780160@c.us',
    to: '18492128091@c.us',
    self: 'in',
    ack: 1,
    isNewMsg: true,
    star: false,
    kicNotified: false,
    recvFresh: true,
    isFromTemplate: false,
    pollInvalidated: false,
    isSentCagPollCreation: false,
    latestEditMsgKey: null,
    latestEditSenderTimestampMs: null,
    broadcast: false,
    mentionedJidList: [],
    groupMentions: [],
    isVcardOverMmsDocument: false,
    isForwarded: false,
    hasReaction: false,
    productHeaderImageRejected: false,
    lastPlaybackProgress: 0,
    isDynamicReplyButtonsMsg: false,
    isMdHistoryMsg: false,
    stickerSentTs: 0,
    isAvatar: false,
    requiresDirectConnection: false,
    links: []
  },
  mediaKey: undefined,
  id: {
    fromMe: false,
    remote: '18094780160@c.us',
    id: '3EB08E4DD46FBCD1EC97AD',
    _serialized: 'false_18094780160@c.us_3EB08E4DD46FBCD1EC97AD'
  },
  ack: 1,
  hasMedia: false,
  body: 'b',
  type: 'chat',
  timestamp: 1680487855,
  from: '18094780160',
  to: '18492128091@c.us',
  author: undefined,
  deviceType: 'android',
  isForwarded: false,
  forwardingScore: 0,
  isStatus: undefined,
  isStarred: false,
  broadcast: false,
  fromMe: false,
  hasQuotedMsg: false,
  duration: undefined,
  location: undefined,
  vCards: [],
  inviteV4: undefined,
  mentionedIds: [],
  orderId: undefined,
  token: undefined,
  isGif: false,
  isEphemeral: undefined,
  links: []
}
[handleMsg]:  Message {
  _data: {
    id: {
      fromMe: false,
      remote: '18094780160@c.us',
      id: '3EB05BF3B9FFA6328F96A2',
      _serialized: 'false_18094780160@c.us_3EB05BF3B9FFA6328F96A2'
    },
    body: '1',
    type: 'chat',
    t: 1680487860,
    notifyName: 'Claridel',
    from: '18094780160@c.us',
    to: '18492128091@c.us',
    self: 'in',
    ack: 1,
    isNewMsg: true,
    star: false,
    kicNotified: false,
    recvFresh: true,
    isFromTemplate: false,
    pollInvalidated: false,
    isSentCagPollCreation: false,
    latestEditMsgKey: null,
    latestEditSenderTimestampMs: null,
    broadcast: false,
    mentionedJidList: [],
    groupMentions: [],
    isVcardOverMmsDocument: false,
    isForwarded: false,
    hasReaction: false,
    productHeaderImageRejected: false,
    lastPlaybackProgress: 0,
    isDynamicReplyButtonsMsg: false,
    isMdHistoryMsg: false,
    stickerSentTs: 0,
    isAvatar: false,
    requiresDirectConnection: false,
    links: []
  },
  mediaKey: undefined,
  id: {
    fromMe: false,
    remote: '18094780160@c.us',
    id: '3EB05BF3B9FFA6328F96A2',
    _serialized: 'false_18094780160@c.us_3EB05BF3B9FFA6328F96A2'
  },
  ack: 1,
  hasMedia: false,
  body: '1',
  type: 'chat',
  timestamp: 1680487860,
  from: '18094780160',
  to: '18492128091@c.us',
  author: undefined,
  deviceType: 'android',
  isForwarded: false,
  forwardingScore: 0,
  isStatus: undefined,
  isStarred: false,
  broadcast: false,
  fromMe: false,
  hasQuotedMsg: false,
  duration: undefined,
  location: undefined,
  vCards: [],
  inviteV4: undefined,
  mentionedIds: [],
  orderId: undefined,
  token: undefined,
  isGif: false,
  isEphemeral: undefined,
  links: []
}
[handleMsg]:  Message {
  _data: {
    id: {
      fromMe: false,
      remote: '18094780160@c.us',
      id: '3EB0D31780449853A7012F',
      _serialized: 'false_18094780160@c.us_3EB0D31780449853A7012F'
    },
    body: '2',
    type: 'chat',
    t: 1680487863,
    notifyName: 'Claridel',
    from: '18094780160@c.us',
    to: '18492128091@c.us',
    self: 'in',
    ack: 1,
    isNewMsg: true,
    star: false,
    kicNotified: false,
    recvFresh: true,
    isFromTemplate: false,
    pollInvalidated: false,
    isSentCagPollCreation: false,
    latestEditMsgKey: null,
    latestEditSenderTimestampMs: null,
    broadcast: false,
    mentionedJidList: [],
    groupMentions: [],
    isVcardOverMmsDocument: false,
    isForwarded: false,
    hasReaction: false,
    productHeaderImageRejected: false,
    lastPlaybackProgress: 0,
    isDynamicReplyButtonsMsg: false,
    isMdHistoryMsg: false,
    stickerSentTs: 0,
    isAvatar: false,
    requiresDirectConnection: false,
    links: []
  },
  mediaKey: undefined,
  id: {
    fromMe: false,
    remote: '18094780160@c.us',
    id: '3EB0D31780449853A7012F',
    _serialized: 'false_18094780160@c.us_3EB0D31780449853A7012F'
  },
  ack: 1,
  hasMedia: false,
  body: '2',
  type: 'chat',
  timestamp: 1680487863,
  from: '18094780160',
  to: '18492128091@c.us',
  author: undefined,
  deviceType: 'android',
  isForwarded: false,
  forwardingScore: 0,
  isStatus: undefined,
  isStarred: false,
  broadcast: false,
  fromMe: false,
  hasQuotedMsg: false,
  duration: undefined,
  location: undefined,
  vCards: [],
  inviteV4: undefined,
  mentionedIds: [],
  orderId: undefined,
  token: undefined,
  isGif: false,
  isEphemeral: undefined,
  links: []
}
[handleMsg]:  Message {
  _data: {
    id: {
      fromMe: false,
      remote: '18094780160@c.us',
      id: '3EB0FCAFC81A054ADB5B71',
      _serialized: 'false_18094780160@c.us_3EB0FCAFC81A054ADB5B71'
    },
    body: 'hola',
    type: 'chat',
    t: 1680487866,
    notifyName: 'Claridel',
    from: '18094780160@c.us',
    to: '18492128091@c.us',
    self: 'in',
    ack: 1,
    isNewMsg: true,
    star: false,
    kicNotified: false,
    recvFresh: true,
    isFromTemplate: false,
    pollInvalidated: false,
    isSentCagPollCreation: false,
    latestEditMsgKey: null,
    latestEditSenderTimestampMs: null,
    broadcast: false,
    mentionedJidList: [],
    groupMentions: [],
    isVcardOverMmsDocument: false,
    isForwarded: false,
    hasReaction: false,
    productHeaderImageRejected: false,
    lastPlaybackProgress: 0,
    isDynamicReplyButtonsMsg: false,
    isMdHistoryMsg: false,
    stickerSentTs: 0,
    isAvatar: false,
    requiresDirectConnection: false,
    links: []
  },
  mediaKey: undefined,
  id: {
    fromMe: false,
    remote: '18094780160@c.us',
    id: '3EB0FCAFC81A054ADB5B71',
    _serialized: 'false_18094780160@c.us_3EB0FCAFC81A054ADB5B71'
  },
  ack: 1,
  hasMedia: false,
  body: 'hola',
  type: 'chat',
  timestamp: 1680487866,
  from: '18094780160',
  to: '18492128091@c.us',
  author: undefined,
  deviceType: 'android',
  isForwarded: false,
  forwardingScore: 0,
  isStatus: undefined,
  isStarred: false,
  broadcast: false,
  fromMe: false,
  hasQuotedMsg: false,
  duration: undefined,
  location: undefined,
  vCards: [],
  inviteV4: undefined,
  mentionedIds: [],
  orderId: undefined,
  token: undefined,
  isGif: false,
  isEphemeral: undefined,
  links: []
}
[handleMsg]:  Message {
  _data: {
    id: {
      fromMe: false,
      remote: '18094780160@c.us',
      id: '3EB0ED667533659AC7A877',
      _serialized: 'false_18094780160@c.us_3EB0ED667533659AC7A877'
    },
    body: '0',
    type: 'chat',
    t: 1680487868,
    notifyName: 'Claridel',
    from: '18094780160@c.us',
    to: '18492128091@c.us',
    self: 'in',
    ack: 1,
    isNewMsg: true,
    star: false,
    kicNotified: false,
    recvFresh: true,
    isFromTemplate: false,
    pollInvalidated: false,
    isSentCagPollCreation: false,
    latestEditMsgKey: null,
    latestEditSenderTimestampMs: null,
    broadcast: false,
    mentionedJidList: [],
    groupMentions: [],
    isVcardOverMmsDocument: false,
    isForwarded: false,
    hasReaction: false,
    productHeaderImageRejected: false,
    lastPlaybackProgress: 0,
    isDynamicReplyButtonsMsg: false,
    isMdHistoryMsg: false,
    stickerSentTs: 0,
    isAvatar: false,
    requiresDirectConnection: false,
    links: []
  },
  mediaKey: undefined,
  id: {
    fromMe: false,
    remote: '18094780160@c.us',
    id: '3EB0ED667533659AC7A877',
    _serialized: 'false_18094780160@c.us_3EB0ED667533659AC7A877'
  },
  ack: 1,
  hasMedia: false,
  body: '0',
  type: 'chat',
  timestamp: 1680487868,
  from: '18094780160',
  to: '18492128091@c.us',
  author: undefined,
  deviceType: 'android',
  isForwarded: false,
  forwardingScore: 0,
  isStatus: undefined,
  isStarred: false,
  broadcast: false,
  fromMe: false,
  hasQuotedMsg: false,
  duration: undefined,
  location: undefined,
  vCards: [],
  inviteV4: undefined,
  mentionedIds: [],
  orderId: undefined,
  token: undefined,
  isGif: false,
  isEphemeral: undefined,
  links: []
}
[handleMsg]:  Message {
  _data: {
    id: {
      fromMe: false,
      remote: '18094780160@c.us',
      id: '3EB07047DF5A46FAE05807',
      _serialized: 'false_18094780160@c.us_3EB07047DF5A46FAE05807'
    },
    body: '2',
    type: 'chat',
    t: 1680487877,
    notifyName: 'Claridel',
    from: '18094780160@c.us',
    to: '18492128091@c.us',
    self: 'in',
    ack: 1,
    isNewMsg: true,
    star: false,
    kicNotified: false,
    recvFresh: true,
    isFromTemplate: false,
    pollInvalidated: false,
    isSentCagPollCreation: false,
    latestEditMsgKey: null,
    latestEditSenderTimestampMs: null,
    broadcast: false,
    mentionedJidList: [],
    groupMentions: [],
    isVcardOverMmsDocument: false,
    isForwarded: false,
    hasReaction: false,
    productHeaderImageRejected: false,
    lastPlaybackProgress: 0,
    isDynamicReplyButtonsMsg: false,
    isMdHistoryMsg: false,
    stickerSentTs: 0,
    isAvatar: false,
    requiresDirectConnection: false,
    links: []
  },
  mediaKey: undefined,
  id: {
    fromMe: false,
    remote: '18094780160@c.us',
    id: '3EB07047DF5A46FAE05807',
    _serialized: 'false_18094780160@c.us_3EB07047DF5A46FAE05807'
  },
  ack: 1,
  hasMedia: false,
  body: '2',
  type: 'chat',
  timestamp: 1680487877,
  from: '18094780160',
  to: '18492128091@c.us',
  author: undefined,
  deviceType: 'android',
  isForwarded: false,
  forwardingScore: 0,
  isStatus: undefined,
  isStarred: false,
  broadcast: false,
  fromMe: false,
  hasQuotedMsg: false,
  duration: undefined,
  location: undefined,
  vCards: [],
  inviteV4: undefined,
  mentionedIds: [],
  orderId: undefined,
  token: undefined,
  isGif: false,
  isEphemeral: undefined,
  links: []
}
[handleMsg]:  Message {
  _data: {
    id: {
      fromMe: false,
      remote: '18094780160@c.us',
      id: '3EB0BF44DBC1B38A2137BE',
      _serialized: 'false_18094780160@c.us_3EB0BF44DBC1B38A2137BE'
    },
    body: '2',
    type: 'chat',
    t: 1680487887,
    notifyName: 'Claridel',
    from: '18094780160@c.us',
    to: '18492128091@c.us',
    self: 'in',
    ack: 1,
    isNewMsg: true,
    star: false,
    kicNotified: false,
    recvFresh: true,
    isFromTemplate: false,
    pollInvalidated: false,
    isSentCagPollCreation: false,
    latestEditMsgKey: null,
    latestEditSenderTimestampMs: null,
    broadcast: false,
    mentionedJidList: [],
    groupMentions: [],
    isVcardOverMmsDocument: false,
    isForwarded: false,
    hasReaction: false,
    productHeaderImageRejected: false,
    lastPlaybackProgress: 0,
    isDynamicReplyButtonsMsg: false,
    isMdHistoryMsg: false,
    stickerSentTs: 0,
    isAvatar: false,
    requiresDirectConnection: false,
    links: []
  },
  mediaKey: undefined,
  id: {
    fromMe: false,
    remote: '18094780160@c.us',
    id: '3EB0BF44DBC1B38A2137BE',
    _serialized: 'false_18094780160@c.us_3EB0BF44DBC1B38A2137BE'
  },
  ack: 1,
  hasMedia: false,
  body: '2',
  type: 'chat',
  timestamp: 1680487887,
  from: '18094780160',
  to: '18492128091@c.us',
  author: undefined,
  deviceType: 'android',
  isForwarded: false,
  forwardingScore: 0,
  isStatus: undefined,
  isStarred: false,
  broadcast: false,
  fromMe: false,
  hasQuotedMsg: false,
  duration: undefined,
  location: undefined,
  vCards: [],
  inviteV4: undefined,
  mentionedIds: [],
  orderId: undefined,
  token: undefined,
  isGif: false,
  isEphemeral: undefined,
  links: []
}
[handleMsg]:  Message {
  _data: {
    id: {
      fromMe: false,
      remote: '18094780160@c.us',
      id: '3EB005A3C3B5B589547FBC',
      _serialized: 'false_18094780160@c.us_3EB005A3C3B5B589547FBC'
    },
    body: 'hola',
    type: 'chat',
    t: 1680487891,
    notifyName: 'Claridel',
    from: '18094780160@c.us',
    to: '18492128091@c.us',
    self: 'in',
    ack: 1,
    isNewMsg: true,
    star: false,
    kicNotified: false,
    recvFresh: true,
    isFromTemplate: false,
    pollInvalidated: false,
    isSentCagPollCreation: false,
    latestEditMsgKey: null,
    latestEditSenderTimestampMs: null,
    broadcast: false,
    mentionedJidList: [],
    groupMentions: [],
    isVcardOverMmsDocument: false,
    isForwarded: false,
    hasReaction: false,
    productHeaderImageRejected: false,
    lastPlaybackProgress: 0,
    isDynamicReplyButtonsMsg: false,
    isMdHistoryMsg: false,
    stickerSentTs: 0,
    isAvatar: false,
    requiresDirectConnection: false,
    links: []
  },
  mediaKey: undefined,
  id: {
    fromMe: false,
    remote: '18094780160@c.us',
    id: '3EB005A3C3B5B589547FBC',
    _serialized: 'false_18094780160@c.us_3EB005A3C3B5B589547FBC'
  },
  ack: 1,
  hasMedia: false,
  body: 'hola',
  type: 'chat',
  timestamp: 1680487891,
  from: '18094780160',
  to: '18492128091@c.us',
  author: undefined,
  deviceType: 'android',
  isForwarded: false,
  forwardingScore: 0,
  isStatus: undefined,
  isStarred: false,
  broadcast: false,
  fromMe: false,
  hasQuotedMsg: false,
  duration: undefined,
  location: undefined,
  vCards: [],
  inviteV4: undefined,
  mentionedIds: [],
  orderId: undefined,
  token: undefined,
  isGif: false,
  isEphemeral: undefined,
  links: []
}
[handleMsg]:  Message {
  _data: {
    id: {
      fromMe: false,
      remote: '18094780160@c.us',
      id: '3EB07CDF32828BF9EF53A2',
      _serialized: 'false_18094780160@c.us_3EB07CDF32828BF9EF53A2'
    },
    body: '0',
    type: 'chat',
    t: 1680487892,
    notifyName: 'Claridel',
    from: '18094780160@c.us',
    to: '18492128091@c.us',
    self: 'in',
    ack: 1,
    isNewMsg: true,
    star: false,
    kicNotified: false,
    recvFresh: true,
    isFromTemplate: false,
    pollInvalidated: false,
    isSentCagPollCreation: false,
    latestEditMsgKey: null,
    latestEditSenderTimestampMs: null,
    broadcast: false,
    mentionedJidList: [],
    groupMentions: [],
    isVcardOverMmsDocument: false,
    isForwarded: false,
    hasReaction: false,
    productHeaderImageRejected: false,
    lastPlaybackProgress: 0,
    isDynamicReplyButtonsMsg: false,
    isMdHistoryMsg: false,
    stickerSentTs: 0,
    isAvatar: false,
    requiresDirectConnection: false,
    links: []
  },
  mediaKey: undefined,
  id: {
    fromMe: false,
    remote: '18094780160@c.us',
    id: '3EB07CDF32828BF9EF53A2',
    _serialized: 'false_18094780160@c.us_3EB07CDF32828BF9EF53A2'
  },
  ack: 1,
  hasMedia: false,
  body: '0',
  type: 'chat',
  timestamp: 1680487892,
  from: '18094780160',
  to: '18492128091@c.us',
  author: undefined,
  deviceType: 'android',
  isForwarded: false,
  forwardingScore: 0,
  isStatus: undefined,
  isStarred: false,
  broadcast: false,
  fromMe: false,
  hasQuotedMsg: false,
  duration: undefined,
  location: undefined,
  vCards: [],
  inviteV4: undefined,
  mentionedIds: [],
  orderId: undefined,
  token: undefined,
  isGif: false,
  isEphemeral: undefined,
  links: []
}
[handleMsg]:  Message {
  _data: {
    id: {
      fromMe: false,
      remote: '18094780160@c.us',
      id: '3EB0A550CD94E728CDC020',
      _serialized: 'false_18094780160@c.us_3EB0A550CD94E728CDC020'
    },
    body: '1',
    type: 'chat',
    t: 1680487895,
    notifyName: 'Claridel',
    from: '18094780160@c.us',
    to: '18492128091@c.us',
    self: 'in',
    ack: 1,
    isNewMsg: true,
    star: false,
    kicNotified: false,
    recvFresh: true,
    isFromTemplate: false,
    pollInvalidated: false,
    isSentCagPollCreation: false,
    latestEditMsgKey: null,
    latestEditSenderTimestampMs: null,
    broadcast: false,
    mentionedJidList: [],
    groupMentions: [],
    isVcardOverMmsDocument: false,
    isForwarded: false,
    hasReaction: false,
    productHeaderImageRejected: false,
    lastPlaybackProgress: 0,
    isDynamicReplyButtonsMsg: false,
    isMdHistoryMsg: false,
    stickerSentTs: 0,
    isAvatar: false,
    requiresDirectConnection: false,
    links: []
  },
  mediaKey: undefined,
  id: {
    fromMe: false,
    remote: '18094780160@c.us',
    id: '3EB0A550CD94E728CDC020',
    _serialized: 'false_18094780160@c.us_3EB0A550CD94E728CDC020'
  },
  ack: 1,
  hasMedia: false,
  body: '1',
  type: 'chat',
  timestamp: 1680487895,
  from: '18094780160',
  to: '18492128091@c.us',
  author: undefined,
  deviceType: 'android',
  isForwarded: false,
  forwardingScore: 0,
  isStatus: undefined,
  isStarred: false,
  broadcast: false,
  fromMe: false,
  hasQuotedMsg: false,
  duration: undefined,
  location: undefined,
  vCards: [],
  inviteV4: undefined,
  mentionedIds: [],
  orderId: undefined,
  token: undefined,
  isGif: false,
  isEphemeral: undefined,
  links: []
}
[handleMsg]:  Message {
  _data: {
    id: {
      fromMe: false,
      remote: '18094780160@c.us',
      id: '3EB078B165D89C8E86BD3E',
      _serialized: 'false_18094780160@c.us_3EB078B165D89C8E86BD3E'
    },
    body: 'hola',
    type: 'chat',
    t: 1680487898,
    notifyName: 'Claridel',
    from: '18094780160@c.us',
    to: '18492128091@c.us',
    self: 'in',
    ack: 1,
    isNewMsg: true,
    star: false,
    kicNotified: false,
    recvFresh: true,
    isFromTemplate: false,
    pollInvalidated: false,
    isSentCagPollCreation: false,
    latestEditMsgKey: null,
    latestEditSenderTimestampMs: null,
    broadcast: false,
    mentionedJidList: [],
    groupMentions: [],
    isVcardOverMmsDocument: false,
    isForwarded: false,
    hasReaction: false,
    productHeaderImageRejected: false,
    lastPlaybackProgress: 0,
    isDynamicReplyButtonsMsg: false,
    isMdHistoryMsg: false,
    stickerSentTs: 0,
    isAvatar: false,
    requiresDirectConnection: false,
    links: []
  },
  mediaKey: undefined,
  id: {
    fromMe: false,
    remote: '18094780160@c.us',
    id: '3EB078B165D89C8E86BD3E',
    _serialized: 'false_18094780160@c.us_3EB078B165D89C8E86BD3E'
  },
  ack: 1,
  hasMedia: false,
  body: 'hola',
  type: 'chat',
  timestamp: 1680487898,
  from: '18094780160',
  to: '18492128091@c.us',
  author: undefined,
  deviceType: 'android',
  isForwarded: false,
  forwardingScore: 0,
  isStatus: undefined,
  isStarred: false,
  broadcast: false,
  fromMe: false,
  hasQuotedMsg: false,
  duration: undefined,
  location: undefined,
  vCards: [],
  inviteV4: undefined,
  mentionedIds: [],
  orderId: undefined,
  token: undefined,
  isGif: false,
  isEphemeral: undefined,
  links: []
}
[handleMsg]:  Message {
  _data: {
    id: {
      fromMe: false,
      remote: '18094780160@c.us',
      id: '3EB0F5E1CF9C62E52AB4EC',
      _serialized: 'false_18094780160@c.us_3EB0F5E1CF9C62E52AB4EC'
    },
    body: '0',
    type: 'chat',
    t: 1680487900,
    notifyName: 'Claridel',
    from: '18094780160@c.us',
    to: '18492128091@c.us',
    self: 'in',
    ack: 1,
    isNewMsg: true,
    star: false,
    kicNotified: false,
    recvFresh: true,
    isFromTemplate: false,
    pollInvalidated: false,
    isSentCagPollCreation: false,
    latestEditMsgKey: null,
    latestEditSenderTimestampMs: null,
    broadcast: false,
    mentionedJidList: [],
    groupMentions: [],
    isVcardOverMmsDocument: false,
    isForwarded: false,
    hasReaction: false,
    productHeaderImageRejected: false,
    lastPlaybackProgress: 0,
    isDynamicReplyButtonsMsg: false,
    isMdHistoryMsg: false,
    stickerSentTs: 0,
    isAvatar: false,
    requiresDirectConnection: false,
    links: []
  },
  mediaKey: undefined,
  id: {
    fromMe: false,
    remote: '18094780160@c.us',
    id: '3EB0F5E1CF9C62E52AB4EC',
    _serialized: 'false_18094780160@c.us_3EB0F5E1CF9C62E52AB4EC'
  },
  ack: 1,
  hasMedia: false,
  body: '0',
  type: 'chat',
  timestamp: 1680487900,
  from: '18094780160',
  to: '18492128091@c.us',
  author: undefined,
  deviceType: 'android',
  isForwarded: false,
  forwardingScore: 0,
  isStatus: undefined,
  isStarred: false,
  broadcast: false,
  fromMe: false,
  hasQuotedMsg: false,
  duration: undefined,
  location: undefined,
  vCards: [],
  inviteV4: undefined,
  mentionedIds: [],
  orderId: undefined,
  token: undefined,
  isGif: false,
  isEphemeral: undefined,
  links: []
}
[handleMsg]:  Message {
  _data: {
    id: {
      fromMe: false,
      remote: '18094780160@c.us',
      id: '3EB09133B5882F4D849BA3',
      _serialized: 'false_18094780160@c.us_3EB09133B5882F4D849BA3'
    },
    body: '2',
    type: 'chat',
    t: 1680487903,
    notifyName: 'Claridel',
    from: '18094780160@c.us',
    to: '18492128091@c.us',
    self: 'in',
    ack: 1,
    isNewMsg: true,
    star: false,
    kicNotified: false,
    recvFresh: true,
    isFromTemplate: false,
    pollInvalidated: false,
    isSentCagPollCreation: false,
    latestEditMsgKey: null,
    latestEditSenderTimestampMs: null,
    broadcast: false,
    mentionedJidList: [],
    groupMentions: [],
    isVcardOverMmsDocument: false,
    isForwarded: false,
    hasReaction: false,
    productHeaderImageRejected: false,
    lastPlaybackProgress: 0,
    isDynamicReplyButtonsMsg: false,
    isMdHistoryMsg: false,
    stickerSentTs: 0,
    isAvatar: false,
    requiresDirectConnection: false,
    links: []
  },
  mediaKey: undefined,
  id: {
    fromMe: false,
    remote: '18094780160@c.us',
    id: '3EB09133B5882F4D849BA3',
    _serialized: 'false_18094780160@c.us_3EB09133B5882F4D849BA3'
  },
  ack: 1,
  hasMedia: false,
  body: '2',
  type: 'chat',
  timestamp: 1680487903,
  from: '18094780160',
  to: '18492128091@c.us',
  author: undefined,
  deviceType: 'android',
  isForwarded: false,
  forwardingScore: 0,
  isStatus: undefined,
  isStarred: false,
  broadcast: false,
  fromMe: false,
  hasQuotedMsg: false,
  duration: undefined,
  location: undefined,
  vCards: [],
  inviteV4: undefined,
  mentionedIds: [],
  orderId: undefined,
  token: undefined,
  isGif: false,
  isEphemeral: undefined,
  links: []
}
[handleMsg]:  Message {
  _data: {
    id: {
      fromMe: false,
      remote: '18094780160@c.us',
      id: '3EB0785384908E808C8CCB',
      _serialized: 'false_18094780160@c.us_3EB0785384908E808C8CCB'
    },
    body: 'hola',
    type: 'chat',
    t: 1680487905,
    notifyName: 'Claridel',
    from: '18094780160@c.us',
    to: '18492128091@c.us',
    self: 'in',
    ack: 1,
    isNewMsg: true,
    star: false,
    kicNotified: false,
    recvFresh: true,
    isFromTemplate: false,
    pollInvalidated: false,
    isSentCagPollCreation: false,
    latestEditMsgKey: null,
    latestEditSenderTimestampMs: null,
    broadcast: false,
    mentionedJidList: [],
    groupMentions: [],
    isVcardOverMmsDocument: false,
    isForwarded: false,
    hasReaction: false,
    productHeaderImageRejected: false,
    lastPlaybackProgress: 0,
    isDynamicReplyButtonsMsg: false,
    isMdHistoryMsg: false,
    stickerSentTs: 0,
    isAvatar: false,
    requiresDirectConnection: false,
    links: []
  },
  mediaKey: undefined,
  id: {
    fromMe: false,
    remote: '18094780160@c.us',
    id: '3EB0785384908E808C8CCB',
    _serialized: 'false_18094780160@c.us_3EB0785384908E808C8CCB'
  },
  ack: 1,
  hasMedia: false,
  body: 'hola',
  type: 'chat',
  timestamp: 1680487905,
  from: '18094780160',
  to: '18492128091@c.us',
  author: undefined,
  deviceType: 'android',
  isForwarded: false,
  forwardingScore: 0,
  isStatus: undefined,
  isStarred: false,
  broadcast: false,
  fromMe: false,
  hasQuotedMsg: false,
  duration: undefined,
  location: undefined,
  vCards: [],
  inviteV4: undefined,
  mentionedIds: [],
  orderId: undefined,
  token: undefined,
  isGif: false,
  isEphemeral: undefined,
  links: []
}
[handleMsg]:  Message {
  _data: {
    id: {
      fromMe: false,
      remote: '18094780160@c.us',
      id: '3EB0E0BE48BA87CDC18CAD',
      _serialized: 'false_18094780160@c.us_3EB0E0BE48BA87CDC18CAD'
    },
    body: '1',
    type: 'chat',
    t: 1680487906,
    notifyName: 'Claridel',
    from: '18094780160@c.us',
    to: '18492128091@c.us',
    self: 'in',
    ack: 1,
    isNewMsg: true,
    star: false,
    kicNotified: false,
    recvFresh: true,
    isFromTemplate: false,
    pollInvalidated: false,
    isSentCagPollCreation: false,
    latestEditMsgKey: null,
    latestEditSenderTimestampMs: null,
    broadcast: false,
    mentionedJidList: [],
    groupMentions: [],
    isVcardOverMmsDocument: false,
    isForwarded: false,
    hasReaction: false,
    productHeaderImageRejected: false,
    lastPlaybackProgress: 0,
    isDynamicReplyButtonsMsg: false,
    isMdHistoryMsg: false,
    stickerSentTs: 0,
    isAvatar: false,
    requiresDirectConnection: false,
    links: []
  },
  mediaKey: undefined,
  id: {
    fromMe: false,
    remote: '18094780160@c.us',
    id: '3EB0E0BE48BA87CDC18CAD',
    _serialized: 'false_18094780160@c.us_3EB0E0BE48BA87CDC18CAD'
  },
  ack: 1,
  hasMedia: false,
  body: '1',
  type: 'chat',
  timestamp: 1680487906,
  from: '18094780160',
  to: '18492128091@c.us',
  author: undefined,
  deviceType: 'android',
  isForwarded: false,
  forwardingScore: 0,
  isStatus: undefined,
  isStarred: false,
  broadcast: false,
  fromMe: false,
  hasQuotedMsg: false,
  duration: undefined,
  location: undefined,
  vCards: [],
  inviteV4: undefined,
  mentionedIds: [],
  orderId: undefined,
  token: undefined,
  isGif: false,
  isEphemeral: undefined,
  links: []
}
[handleMsg]:  Message {
  _data: {
    id: {
      fromMe: false,
      remote: '18094780160@c.us',
      id: '3EB05801CB79CB0D18B423',
      _serialized: 'false_18094780160@c.us_3EB05801CB79CB0D18B423'
    },
    body: '3',
    type: 'chat',
    t: 1680487909,
    notifyName: 'Claridel',
    from: '18094780160@c.us',
    to: '18492128091@c.us',
    self: 'in',
    ack: 1,
    isNewMsg: true,
    star: false,
    kicNotified: false,
    recvFresh: true,
    isFromTemplate: false,
    pollInvalidated: false,
    isSentCagPollCreation: false,
    latestEditMsgKey: null,
    latestEditSenderTimestampMs: null,
    broadcast: false,
    mentionedJidList: [],
    groupMentions: [],
    isVcardOverMmsDocument: false,
    isForwarded: false,
    hasReaction: false,
    productHeaderImageRejected: false,
    lastPlaybackProgress: 0,
    isDynamicReplyButtonsMsg: false,
    isMdHistoryMsg: false,
    stickerSentTs: 0,
    isAvatar: false,
    requiresDirectConnection: false,
    links: []
  },
  mediaKey: undefined,
  id: {
    fromMe: false,
    remote: '18094780160@c.us',
    id: '3EB05801CB79CB0D18B423',
    _serialized: 'false_18094780160@c.us_3EB05801CB79CB0D18B423'
  },
  ack: 1,
  hasMedia: false,
  body: '3',
  type: 'chat',
  timestamp: 1680487909,
  from: '18094780160',
  to: '18492128091@c.us',
  author: undefined,
  deviceType: 'android',
  isForwarded: false,
  forwardingScore: 0,
  isStatus: undefined,
  isStarred: false,
  broadcast: false,
  fromMe: false,
  hasQuotedMsg: false,
  duration: undefined,
  location: undefined,
  vCards: [],
  inviteV4: undefined,
  mentionedIds: [],
  orderId: undefined,
  token: undefined,
  isGif: false,
  isEphemeral: undefined,
  links: []
}
[handleMsg]:  Message {
  _data: {
    id: {
      fromMe: false,
      remote: '18094780160@c.us',
      id: '3EB0A3365D7D44C94A2256',
      _serialized: 'false_18094780160@c.us_3EB0A3365D7D44C94A2256'
    },
    body: '2',
    type: 'chat',
    t: 1680487925,
    notifyName: 'Claridel',
    from: '18094780160@c.us',
    to: '18492128091@c.us',
    self: 'in',
    ack: 1,
    isNewMsg: true,
    star: false,
    kicNotified: false,
    recvFresh: true,
    isFromTemplate: false,
    pollInvalidated: false,
    isSentCagPollCreation: false,
    latestEditMsgKey: null,
    latestEditSenderTimestampMs: null,
    broadcast: false,
    mentionedJidList: [],
    groupMentions: [],
    isVcardOverMmsDocument: false,
    isForwarded: false,
    hasReaction: false,
    productHeaderImageRejected: false,
    lastPlaybackProgress: 0,
    isDynamicReplyButtonsMsg: false,
    isMdHistoryMsg: false,
    stickerSentTs: 0,
    isAvatar: false,
    requiresDirectConnection: false,
    links: []
  },
  mediaKey: undefined,
  id: {
    fromMe: false,
    remote: '18094780160@c.us',
    id: '3EB0A3365D7D44C94A2256',
    _serialized: 'false_18094780160@c.us_3EB0A3365D7D44C94A2256'
  },
  ack: 1,
  hasMedia: false,
  body: '2',
  type: 'chat',
  timestamp: 1680487925,
  from: '18094780160',
  to: '18492128091@c.us',
  author: undefined,
  deviceType: 'android',
  isForwarded: false,
  forwardingScore: 0,
  isStatus: undefined,
  isStarred: false,
  broadcast: false,
  fromMe: false,
  hasQuotedMsg: false,
  duration: undefined,
  location: undefined,
  vCards: [],
  inviteV4: undefined,
  mentionedIds: [],
  orderId: undefined,
  token: undefined,
  isGif: false,
  isEphemeral: undefined,
  links: []
}
[handleMsg]:  Message {
  _data: {
    id: {
      fromMe: false,
      remote: '18094780160@c.us',
      id: '3EB0746BA9F769E96547C7',
      _serialized: 'false_18094780160@c.us_3EB0746BA9F769E96547C7'
    },
    body: 'hola',
    type: 'chat',
    t: 1680487927,
    notifyName: 'Claridel',
    from: '18094780160@c.us',
    to: '18492128091@c.us',
    self: 'in',
    ack: 1,
    isNewMsg: true,
    star: false,
    kicNotified: false,
    recvFresh: true,
    isFromTemplate: false,
    pollInvalidated: false,
    isSentCagPollCreation: false,
    latestEditMsgKey: null,
    latestEditSenderTimestampMs: null,
    broadcast: false,
    mentionedJidList: [],
    groupMentions: [],
    isVcardOverMmsDocument: false,
    isForwarded: false,
    hasReaction: false,
    productHeaderImageRejected: false,
    lastPlaybackProgress: 0,
    isDynamicReplyButtonsMsg: false,
    isMdHistoryMsg: false,
    stickerSentTs: 0,
    isAvatar: false,
    requiresDirectConnection: false,
    links: []
  },
  mediaKey: undefined,
  id: {
    fromMe: false,
    remote: '18094780160@c.us',
    id: '3EB0746BA9F769E96547C7',
    _serialized: 'false_18094780160@c.us_3EB0746BA9F769E96547C7'
  },
  ack: 1,
  hasMedia: false,
  body: 'hola',
  type: 'chat',
  timestamp: 1680487927,
  from: '18094780160',
  to: '18492128091@c.us',
  author: undefined,
  deviceType: 'android',
  isForwarded: false,
  forwardingScore: 0,
  isStatus: undefined,
  isStarred: false,
  broadcast: false,
  fromMe: false,
  hasQuotedMsg: false,
  duration: undefined,
  location: undefined,
  vCards: [],
  inviteV4: undefined,
  mentionedIds: [],
  orderId: undefined,
  token: undefined,
  isGif: false,
  isEphemeral: undefined,
  links: []
}
[handleMsg]:  Message {
  _data: {
    id: {
      fromMe: false,
      remote: '18094780160@c.us',
      id: '3EB0E82204EA4A8792E817',
      _serialized: 'false_18094780160@c.us_3EB0E82204EA4A8792E817'
    },
    body: '1',
    type: 'chat',
    t: 1680487930,
    notifyName: 'Claridel',
    from: '18094780160@c.us',
    to: '18492128091@c.us',
    self: 'in',
    ack: 1,
    isNewMsg: true,
    star: false,
    kicNotified: false,
    recvFresh: true,
    isFromTemplate: false,
    pollInvalidated: false,
    isSentCagPollCreation: false,
    latestEditMsgKey: null,
    latestEditSenderTimestampMs: null,
    broadcast: false,
    mentionedJidList: [],
    groupMentions: [],
    isVcardOverMmsDocument: false,
    isForwarded: false,
    hasReaction: false,
    productHeaderImageRejected: false,
    lastPlaybackProgress: 0,
    isDynamicReplyButtonsMsg: false,
    isMdHistoryMsg: false,
    stickerSentTs: 0,
    isAvatar: false,
    requiresDirectConnection: false,
    links: []
  },
  mediaKey: undefined,
  id: {
    fromMe: false,
    remote: '18094780160@c.us',
    id: '3EB0E82204EA4A8792E817',
    _serialized: 'false_18094780160@c.us_3EB0E82204EA4A8792E817'
  },
  ack: 1,
  hasMedia: false,
  body: '1',
  type: 'chat',
  timestamp: 1680487930,
  from: '18094780160',
  to: '18492128091@c.us',
  author: undefined,
  deviceType: 'android',
  isForwarded: false,
  forwardingScore: 0,
  isStatus: undefined,
  isStarred: false,
  broadcast: false,
  fromMe: false,
  hasQuotedMsg: false,
  duration: undefined,
  location: undefined,
  vCards: [],
  inviteV4: undefined,
  mentionedIds: [],
  orderId: undefined,
  token: undefined,
  isGif: false,
  isEphemeral: undefined,
  links: []
}
[handleMsg]:  Message {
  _data: {
    id: {
      fromMe: false,
      remote: '18094780160@c.us',
      id: '3EB05C9D715F604F40C38B',
      _serialized: 'false_18094780160@c.us_3EB05C9D715F604F40C38B'
    },
    body: '3',
    type: 'chat',
    t: 1680487932,
    notifyName: 'Claridel',
    from: '18094780160@c.us',
    to: '18492128091@c.us',
    self: 'in',
    ack: 1,
    isNewMsg: true,
    star: false,
    kicNotified: false,
    recvFresh: true,
    isFromTemplate: false,
    pollInvalidated: false,
    isSentCagPollCreation: false,
    latestEditMsgKey: null,
    latestEditSenderTimestampMs: null,
    broadcast: false,
    mentionedJidList: [],
    groupMentions: [],
    isVcardOverMmsDocument: false,
    isForwarded: false,
    hasReaction: false,
    productHeaderImageRejected: false,
    lastPlaybackProgress: 0,
    isDynamicReplyButtonsMsg: false,
    isMdHistoryMsg: false,
    stickerSentTs: 0,
    isAvatar: false,
    requiresDirectConnection: false,
    links: []
  },
  mediaKey: undefined,
  id: {
    fromMe: false,
    remote: '18094780160@c.us',
    id: '3EB05C9D715F604F40C38B',
    _serialized: 'false_18094780160@c.us_3EB05C9D715F604F40C38B'
  },
  ack: 1,
  hasMedia: false,
  body: '3',
  type: 'chat',
  timestamp: 1680487932,
  from: '18094780160',
  to: '18492128091@c.us',
  author: undefined,
  deviceType: 'android',
  isForwarded: false,
  forwardingScore: 0,
  isStatus: undefined,
  isStarred: false,
  broadcast: false,
  fromMe: false,
  hasQuotedMsg: false,
  duration: undefined,
  location: undefined,
  vCards: [],
  inviteV4: undefined,
  mentionedIds: [],
  orderId: undefined,
  token: undefined,
  isGif: false,
  isEphemeral: undefined,
  links: []
}
[handleMsg]:  Message {
  _data: {
    id: {
      fromMe: false,
      remote: '18094780160@c.us',
      id: '3EB06F0752716C483896DA',
      _serialized: 'false_18094780160@c.us_3EB06F0752716C483896DA'
    },
    body: '2',
    type: 'chat',
    t: 1680487934,
    notifyName: 'Claridel',
    from: '18094780160@c.us',
    to: '18492128091@c.us',
    self: 'in',
    ack: 1,
    isNewMsg: true,
    star: false,
    kicNotified: false,
    recvFresh: true,
    isFromTemplate: false,
    pollInvalidated: false,
    isSentCagPollCreation: false,
    latestEditMsgKey: null,
    latestEditSenderTimestampMs: null,
    broadcast: false,
    mentionedJidList: [],
    groupMentions: [],
    isVcardOverMmsDocument: false,
    isForwarded: false,
    hasReaction: false,
    productHeaderImageRejected: false,
    lastPlaybackProgress: 0,
    isDynamicReplyButtonsMsg: false,
    isMdHistoryMsg: false,
    stickerSentTs: 0,
    isAvatar: false,
    requiresDirectConnection: false,
    links: []
  },
  mediaKey: undefined,
  id: {
    fromMe: false,
    remote: '18094780160@c.us',
    id: '3EB06F0752716C483896DA',
    _serialized: 'false_18094780160@c.us_3EB06F0752716C483896DA'
  },
  ack: 1,
  hasMedia: false,
  body: '2',
  type: 'chat',
  timestamp: 1680487934,
  from: '18094780160',
  to: '18492128091@c.us',
  author: undefined,
  deviceType: 'android',
  isForwarded: false,
  forwardingScore: 0,
  isStatus: undefined,
  isStarred: false,
  broadcast: false,
  fromMe: false,
  hasQuotedMsg: false,
  duration: undefined,
  location: undefined,
  vCards: [],
  inviteV4: undefined,
  mentionedIds: [],
  orderId: undefined,
  token: undefined,
  isGif: false,
  isEphemeral: undefined,
  links: []
}
